app/build/outputs/logs/manifest-merger-debug-report.txt
-- Merging decision tree log ---
manifest
ADDED from src\main\AndroidManifest.xml:2:1-45:12
	package
		ADDED from src\main\AndroidManifest.xml:3:5-37
		INJECTED from src\main\AndroidManifest.xml
		INJECTED from src\main\AndroidManifest.xml
	android:versionName
		INJECTED from src\main\AndroidManifest.xml
		INJECTED from src\main\AndroidManifest.xml
	xmlns:android
		ADDED from src\main\AndroidManifest.xml:2:11-69
	android:versionCode
		INJECTED from src\main\AndroidManifest.xml
		INJECTED from src\main\AndroidManifest.xml
uses-permission#android.permission.BLUETOOTH
ADDED from src\main\AndroidManifest.xml:5:5-68
	android:name
		ADDED from src\main\AndroidManifest.xml:5:22-65
uses-permission#android.permission.BLUETOOTH_ADMIN
ADDED from src\main\AndroidManifest.xml:6:5-74
	android:name
		ADDED from src\main\AndroidManifest.xml:6:22-71
uses-permission#android.permission.ACCESS_COARSE_LOCATION
ADDED from src\main\AndroidManifest.xml:7:5-81
	android:name
		ADDED from src\main\AndroidManifest.xml:7:22-78
uses-permission#android.permission.BROADCAST_STICKY
ADDED from src\main\AndroidManifest.xml:8:5-75
	android:name
		ADDED from src\main\AndroidManifest.xml:8:22-72
uses-permission#android.permission.VIBRATE
ADDED from src\main\AndroidManifest.xml:9:5-66
	android:name
		ADDED from src\main\AndroidManifest.xml:9:22-63
application
ADDED from src\main\AndroidManifest.xml:11:5-43:19
MERGED from [com.android.support:design:25.0.1] AndroidManifest.xml:25:5-20
MERGED from [com.android.support:appcompat-v7:25.0.1] AndroidManifest.xml:25:5-20
MERGED from [com.android.support:animated-vector-drawable:25.0.1] AndroidManifest.xml:22:5-20
MERGED from [com.android.support:support-vector-drawable:25.0.1] AndroidManifest.xml:23:5-20
MERGED from [com.android.support:transition:25.0.1] AndroidManifest.xml:22:5-20
MERGED from [com.android.support:support-v4:25.0.1] AndroidManifest.xml:25:5-20
MERGED from [com.android.support:support-fragment:25.0.1] AndroidManifest.xml:25:5-20
MERGED from [com.android.support:support-media-compat:25.0.1] AndroidManifest.xml:25:5-20
MERGED from [com.android.support:support-core-ui:25.0.1] AndroidManifest.xml:25:5-20
MERGED from [com.android.support:support-core-utils:25.0.1] AndroidManifest.xml:25:5-20
MERGED from [com.android.support:support-compat:25.0.1] AndroidManifest.xml:25:5-20
	android:label
		ADDED from src\main\AndroidManifest.xml:14:9-41
	android:supportsRtl
		ADDED from src\main\AndroidManifest.xml:15:9-35
	android:allowBackup
		ADDED from src\main\AndroidManifest.xml:12:9-35
	android:icon
		ADDED from src\main\AndroidManifest.xml:13:9-43
	android:theme
		ADDED from src\main\AndroidManifest.xml:16:9-40
activity#com.psx.projectcontrol.WelcomeActivity
ADDED from src\main\AndroidManifest.xml:17:9-26:20
	android:screenOrientation
		ADDED from src\main\AndroidManifest.xml:19:13-49
	android:theme
		ADDED from src\main\AndroidManifest.xml:20:13-80
	android:name
		ADDED from src\main\AndroidManifest.xml:18:13-44
intent-filter#android.intent.action.MAIN+android.intent.category.LAUNCHER
ADDED from src\main\AndroidManifest.xml:21:13-25:29
action#android.intent.action.MAIN
ADDED from src\main\AndroidManifest.xml:22:17-69
	android:name
		ADDED from src\main\AndroidManifest.xml:22:25-66
category#android.intent.category.LAUNCHER
ADDED from src\main\AndroidManifest.xml:24:17-77
	android:name
		ADDED from src\main\AndroidManifest.xml:24:27-74
activity#com.psx.projectcontrol.MainActivity
ADDED from src\main\AndroidManifest.xml:27:9-31:59
	android:screenOrientation
		ADDED from src\main\AndroidManifest.xml:30:13-49
	android:label
		ADDED from src\main\AndroidManifest.xml:29:13-45
	android:theme
		ADDED from src\main\AndroidManifest.xml:31:13-56
	android:name
		ADDED from src\main\AndroidManifest.xml:28:13-41
activity#com.psx.projectcontrol.DeviceActivity
ADDED from src\main\AndroidManifest.xml:32:9-35:83
	android:screenOrientation
		ADDED from src\main\AndroidManifest.xml:34:13-49
	android:theme
		ADDED from src\main\AndroidManifest.xml:35:13-80
	android:name
		ADDED from src\main\AndroidManifest.xml:33:13-43
activity#com.psx.projectcontrol.Settings
ADDED from src\main\AndroidManifest.xml:36:9-39:52
	android:screenOrientation
		ADDED from src\main\AndroidManifest.xml:39:13-49
	android:label
		ADDED from src\main\AndroidManifest.xml:38:13-64
	android:name
		ADDED from src\main\AndroidManifest.xml:37:13-37
activity#com.psx.projectcontrol.AboutActivity
ADDED from src\main\AndroidManifest.xml:40:9-42:51
	android:screenOrientation
		ADDED from src\main\AndroidManifest.xml:42:13-49
	android:label
		ADDED from src\main\AndroidManifest.xml:41:13-34
	android:name
		ADDED from src\main\AndroidManifest.xml:40:19-48
uses-sdk
INJECTED from src\main\AndroidManifest.xml reason: use-sdk injection requested
MERGED from [com.android.support:design:25.0.1] AndroidManifest.xml:21:5-23:62
MERGED from [com.android.support:appcompat-v7:25.0.1] AndroidManifest.xml:21:5-23:78
MERGED from [com.android.support:animated-vector-drawable:25.0.1] AndroidManifest.xml:20:5-44
MERGED from [com.android.support:support-vector-drawable:25.0.1] AndroidManifest.xml:21:5-43
MERGED from [com.android.support:recyclerview-v7:25.0.1] AndroidManifest.xml:20:5-43
MERGED from [com.android.support:transition:25.0.1] AndroidManifest.xml:20:5-44
MERGED from [com.android.support:support-v4:25.0.1] AndroidManifest.xml:21:5-23:54
MERGED from [com.android.support:support-fragment:25.0.1] AndroidManifest.xml:21:5-23:60
MERGED from [com.android.support:support-media-compat:25.0.1] AndroidManifest.xml:21:5-23:63
MERGED from [com.android.support:support-core-ui:25.0.1] AndroidManifest.xml:21:5-23:58
MERGED from [com.android.support:support-core-utils:25.0.1] AndroidManifest.xml:21:5-23:61
MERGED from [com.android.support:support-compat:25.0.1] AndroidManifest.xml:21:5-23:58
MERGED from [com.github.deano2390:MaterialShowcaseView:1.1.0] AndroidManifest.xml:7:5-9:41
	tools:overrideLibrary
		ADDED from [com.android.support:design:25.0.1] AndroidManifest.xml:23:9-59
	android:targetSdkVersion
		INJECTED from src\main\AndroidManifest.xml
		INJECTED from src\main\AndroidManifest.xml
	android:minSdkVersion
		INJECTED from src\main\AndroidManifest.xml
		INJECTED from src\main\AndroidManifest.xml